-- Found ament_cmake: 1.3.13 (/opt/ros/humble/share/ament_cmake/cmake)
-- Override CMake install command with custom implementation using symlinks instead of copying resources
-- Found rclpy: 3.3.20 (/opt/ros/humble/share/rclpy/cmake)
-- Found ament_lint_auto: 0.12.15 (/opt/ros/humble/share/ament_lint_auto/cmake)
-- Added test 'copyright' to check source files copyright and LICENSE
-- Added test 'flake8' to check Python code syntax and style conventions
-- Added test 'lint_cmake' to check CMake code style
-- Added test 'pep257' to check Python code against some of the docstring style conventions in PEP 257
-- Added test 'xmllint' to check XML markup files
-- Configuring done
-- Generating done
-- Build files have been written to: /home/raianlaptop/cv5551-s26-team-dcml/build/lite6_cube_stacker
Built target ament_cmake_python_symlink_lite6_cube_stacker
running egg_info
writing lite6_cube_stacker.egg-info/PKG-INFO
writing dependency_links to lite6_cube_stacker.egg-info/dependency_links.txt
writing top-level names to lite6_cube_stacker.egg-info/top_level.txt
reading manifest file 'lite6_cube_stacker.egg-info/SOURCES.txt'
writing manifest file 'lite6_cube_stacker.egg-info/SOURCES.txt'
Built target ament_cmake_python_build_lite6_cube_stacker_egg
-- Install configuration: ""
-- Execute custom install script
-- Up-to-date symlink: /home/raianlaptop/cv5551-s26-team-dcml/install/lite6_cube_stacker/share/lite6_cube_stacker/environment/pythonpath.sh
-- Up-to-date symlink: /home/raianlaptop/cv5551-s26-team-dcml/install/lite6_cube_stacker/share/lite6_cube_stacker/environment/pythonpath.dsv
-- Up-to-date symlink: /home/raianlaptop/cv5551-s26-team-dcml/install/lite6_cube_stacker/local/lib/python3.10/dist-packages/lite6_cube_stacker-1.0.0-py3.10.egg-info/PKG-INFO
-- Up-to-date symlink: /home/raianlaptop/cv5551-s26-team-dcml/install/lite6_cube_stacker/local/lib/python3.10/dist-packages/lite6_cube_stacker-1.0.0-py3.10.egg-info/SOURCES.txt
-- Up-to-date symlink: /home/raianlaptop/cv5551-s26-team-dcml/install/lite6_cube_stacker/local/lib/python3.10/dist-packages/lite6_cube_stacker-1.0.0-py3.10.egg-info/dependency_links.txt
-- Up-to-date symlink: /home/raianlaptop/cv5551-s26-team-dcml/install/lite6_cube_stacker/local/lib/python3.10/dist-packages/lite6_cube_stacker-1.0.0-py3.10.egg-info/top_level.txt
-- Up-to-date symlink: /home/raianlaptop/cv5551-s26-team-dcml/install/lite6_cube_stacker/local/lib/python3.10/dist-packages/lite6_cube_stacker/__init__.py
-- Up-to-date symlink: /home/raianlaptop/cv5551-s26-team-dcml/install/lite6_cube_stacker/local/lib/python3.10/dist-packages/lite6_cube_stacker/aruco_detector.py
-- Up-to-date symlink: /home/raianlaptop/cv5551-s26-team-dcml/install/lite6_cube_stacker/local/lib/python3.10/dist-packages/lite6_cube_stacker/camera_robot_calibration.py
-- Up-to-date symlink: /home/raianlaptop/cv5551-s26-team-dcml/install/lite6_cube_stacker/local/lib/python3.10/dist-packages/lite6_cube_stacker/cube_stacker.py
-- Up-to-date symlink: /home/raianlaptop/cv5551-s26-team-dcml/install/lite6_cube_stacker/lib/lite6_cube_stacker/aruco_detector.py
-- Up-to-date symlink: /home/raianlaptop/cv5551-s26-team-dcml/install/lite6_cube_stacker/lib/lite6_cube_stacker/cube_stacker.py
-- Up-to-date symlink: /home/raianlaptop/cv5551-s26-team-dcml/install/lite6_cube_stacker/lib/lite6_cube_stacker/camera_robot_calibration.py
-- Symlinking: /home/raianlaptop/cv5551-s26-team-dcml/install/lite6_cube_stacker/share/lite6_cube_stacker/launch/cube_stacker.launch.py
-- Symlinking: /home/raianlaptop/cv5551-s26-team-dcml/install/lite6_cube_stacker/share/ament_index/resource_index/package_run_dependencies/lite6_cube_stacker
-- Symlinking: /home/raianlaptop/cv5551-s26-team-dcml/install/lite6_cube_stacker/share/ament_index/resource_index/parent_prefix_path/lite6_cube_stacker
-- Symlinking: /home/raianlaptop/cv5551-s26-team-dcml/install/lite6_cube_stacker/share/lite6_cube_stacker/environment/ament_prefix_path.sh
-- Symlinking: /home/raianlaptop/cv5551-s26-team-dcml/install/lite6_cube_stacker/share/lite6_cube_stacker/environment/ament_prefix_path.dsv
-- Symlinking: /home/raianlaptop/cv5551-s26-team-dcml/install/lite6_cube_stacker/share/lite6_cube_stacker/environment/path.sh
-- Symlinking: /home/raianlaptop/cv5551-s26-team-dcml/install/lite6_cube_stacker/share/lite6_cube_stacker/environment/path.dsv
-- Symlinking: /home/raianlaptop/cv5551-s26-team-dcml/install/lite6_cube_stacker/share/lite6_cube_stacker/local_setup.bash
-- Symlinking: /home/raianlaptop/cv5551-s26-team-dcml/install/lite6_cube_stacker/share/lite6_cube_stacker/local_setup.sh
-- Symlinking: /home/raianlaptop/cv5551-s26-team-dcml/install/lite6_cube_stacker/share/lite6_cube_stacker/local_setup.zsh
-- Symlinking: /home/raianlaptop/cv5551-s26-team-dcml/install/lite6_cube_stacker/share/lite6_cube_stacker/local_setup.dsv
-- Symlinking: /home/raianlaptop/cv5551-s26-team-dcml/install/lite6_cube_stacker/share/lite6_cube_stacker/package.dsv
-- Symlinking: /home/raianlaptop/cv5551-s26-team-dcml/install/lite6_cube_stacker/share/ament_index/resource_index/packages/lite6_cube_stacker
-- Symlinking: /home/raianlaptop/cv5551-s26-team-dcml/install/lite6_cube_stacker/share/lite6_cube_stacker/cmake/lite6_cube_stackerConfig.cmake
-- Symlinking: /home/raianlaptop/cv5551-s26-team-dcml/install/lite6_cube_stacker/share/lite6_cube_stacker/cmake/lite6_cube_stackerConfig-version.cmake
-- Symlinking: /home/raianlaptop/cv5551-s26-team-dcml/install/lite6_cube_stacker/share/lite6_cube_stacker/package.xml
Listing '/home/raianlaptop/cv5551-s26-team-dcml/install/lite6_cube_stacker/local/lib/python3.10/dist-packages/lite6_cube_stacker'...
Compiling '/home/raianlaptop/cv5551-s26-team-dcml/install/lite6_cube_stacker/local/lib/python3.10/dist-packages/lite6_cube_stacker/__init__.py'...
Compiling '/home/raianlaptop/cv5551-s26-team-dcml/install/lite6_cube_stacker/local/lib/python3.10/dist-packages/lite6_cube_stacker/aruco_detector.py'...
Compiling '/home/raianlaptop/cv5551-s26-team-dcml/install/lite6_cube_stacker/local/lib/python3.10/dist-packages/lite6_cube_stacker/camera_robot_calibration.py'...
Compiling '/home/raianlaptop/cv5551-s26-team-dcml/install/lite6_cube_stacker/local/lib/python3.10/dist-packages/lite6_cube_stacker/cube_stacker.py'...
-- Installing: /home/raianlaptop/cv5551-s26-team-dcml/install/lite6_cube_stacker/lib/lite6_cube_stacker/aruco_detector
-- Installing: /home/raianlaptop/cv5551-s26-team-dcml/install/lite6_cube_stacker/lib/lite6_cube_stacker/cube_stacker
-- Installing: /home/raianlaptop/cv5551-s26-team-dcml/install/lite6_cube_stacker/lib/lite6_cube_stacker/camera_robot_calibration
